<?xml version="1.0" encoding="UTF-8"?>
<!-- Generated by org.testng.reporters.JUnitReportReporter -->
<testsuite hostname="DESKTOP-HR00GQ3" failures="0" tests="1" name="ExcelFileHandling.WriteDataExcel" time="1.092" errors="0" timestamp="2023-05-25T18:18:48 IST" skipped="0">
  <testcase classname="ExcelFileHandling.WriteDataExcel" name="WriteDataExcel" time="1.092"/>
  <system-out/>
</testsuite> <!-- ExcelFileHandling.WriteDataExcel -->
