<?xml version="1.0" encoding="UTF-8"?>
<!-- Generated by org.testng.reporters.JUnitReportReporter -->
<testsuite hostname="DESKTOP-HR00GQ3" failures="0" tests="1" name="ExcelFileHandling.FetchAllDatas" time="0.984" errors="0" timestamp="2023-05-26T15:47:15 IST" skipped="0">
  <testcase classname="ExcelFileHandling.FetchAllDatas" name="fetchalldata" time="0.984"/>
  <system-out/>
</testsuite> <!-- ExcelFileHandling.FetchAllDatas -->
