<?xml version="1.0" encoding="UTF-8"?>
<!-- Generated by org.testng.reporters.JUnitReportReporter -->
<testsuite hostname="DESKTOP-HR00GQ3" failures="0" tests="3" name="testNGProgram.EnableMethod" time="0.012" errors="0" timestamp="2023-05-20T01:49:35 IST" skipped="1">
  <testcase classname="testNGProgram.EnableMethod" name="Anjali" time="0.011"/>
  <system-out/>
  <testcase classname="testNGProgram.EnableMethod" name="ipsita" time="0.001"/>
  <system-out/>
  <testcase classname="testNGProgram.EnableMethod" name="Harapriya">
    <skipped/>
  </testcase> <!-- Harapriya -->
  <system-out/>
</testsuite> <!-- testNGProgram.EnableMethod -->
