<?xml version="1.0" encoding="UTF-8"?>
<!-- Generated by org.testng.reporters.JUnitReportReporter -->
<testsuite hostname="DESKTOP-HR00GQ3" failures="0" tests="1" name="TEST.TC1_Actitime" time="15.439" errors="0" timestamp="2023-06-03T14:50:26 IST" skipped="0">
  <testcase classname="TEST.TC1_Actitime" name="login" time="15.439"/>
  <system-out/>
</testsuite> <!-- TEST.TC1_Actitime -->
