<?xml version="1.0" encoding="UTF-8"?>
<!-- Generated by org.testng.reporters.JUnitReportReporter -->
<testsuite hostname="DESKTOP-HR00GQ3" failures="0" tests="1" name="TEST.TC6Actitime" time="10.612" errors="0" timestamp="2023-06-04T11:15:13 IST" skipped="0">
  <testcase classname="TEST.TC6Actitime" name="CreateNewLeaveType" time="10.612"/>
  <system-out/>
</testsuite> <!-- TEST.TC6Actitime -->
