<?xml version="1.0" encoding="UTF-8"?>
<!-- Generated by org.testng.reporters.JUnitReportReporter -->
<testsuite hostname="DESKTOP-HR00GQ3" failures="0" tests="1" name="ExcelFileHandling.TotalRowTotalColumn" time="0.743" errors="0" timestamp="2023-05-25T18:48:46 IST" skipped="0">
  <testcase classname="ExcelFileHandling.TotalRowTotalColumn" name="TotalRowTotal" time="0.743"/>
  <system-out/>
</testsuite> <!-- ExcelFileHandling.TotalRowTotalColumn -->
