<?xml version="1.0" encoding="UTF-8"?>
<!-- Generated by org.testng.reporters.JUnitReportReporter -->
<testsuite hostname="DESKTOP-HR00GQ3" failures="0" tests="10" name="testNGProgram.invocationCount" time="0.020" errors="0" timestamp="2023-05-20T01:59:53 IST" skipped="0">
  <testcase classname="testNGProgram.invocationCount" name="nil" time="0.010"/>
  <system-out/>
  <testcase classname="testNGProgram.invocationCount" name="nil" time="0.001"/>
  <system-out/>
  <testcase classname="testNGProgram.invocationCount" name="motoo" time="0.001"/>
  <system-out/>
  <testcase classname="testNGProgram.invocationCount" name="motoo" time="0.002"/>
  <system-out/>
  <testcase classname="testNGProgram.invocationCount" name="motoo" time="0.000"/>
  <system-out/>
  <testcase classname="testNGProgram.invocationCount" name="Cartoon" time="0.002"/>
  <system-out/>
  <testcase classname="testNGProgram.invocationCount" name="Cartoon" time="0.001"/>
  <system-out/>
  <testcase classname="testNGProgram.invocationCount" name="Cartoon" time="0.001"/>
  <system-out/>
  <testcase classname="testNGProgram.invocationCount" name="Cartoon" time="0.001"/>
  <system-out/>
  <testcase classname="testNGProgram.invocationCount" name="Cartoon" time="0.001"/>
  <system-out/>
</testsuite> <!-- testNGProgram.invocationCount -->
