<?xml version="1.0" encoding="UTF-8"?>
<!-- Generated by org.testng.reporters.JUnitReportReporter -->
<testsuite hostname="DESKTOP-HR00GQ3" failures="0" tests="3" name="testNGProgram.DefaultPriority" time="0.013" errors="0" timestamp="2023-05-20T01:41:25 IST" skipped="0">
  <testcase classname="testNGProgram.DefaultPriority" name="Harapriya" time="0.010"/>
  <system-out/>
  <testcase classname="testNGProgram.DefaultPriority" name="Ipsita" time="0.001"/>
  <system-out/>
  <testcase classname="testNGProgram.DefaultPriority" name="Anjali" time="0.002"/>
  <system-out/>
</testsuite> <!-- testNGProgram.DefaultPriority -->
