<?xml version="1.0" encoding="UTF-8"?>
<!-- Generated by org.testng.reporters.JUnitReportReporter -->
<testsuite hostname="DESKTOP-HR00GQ3" failures="0" tests="1" name="TEST.TC3Actitime" time="14.049" errors="0" timestamp="2023-06-03T19:31:54 IST" skipped="0">
  <testcase classname="TEST.TC3Actitime" name="loginlogoutcreatecustomer" time="14.049"/>
  <system-out/>
</testsuite> <!-- TEST.TC3Actitime -->
