<?xml version="1.0" encoding="UTF-8"?>
<!-- Generated by org.testng.reporters.JUnitReportReporter -->
<testsuite hostname="DESKTOP-HR00GQ3" failures="0" tests="1" name="TEST.TC7Actitime" time="10.002" errors="0" timestamp="2023-06-04T11:39:00 IST" skipped="0">
  <testcase classname="TEST.TC7Actitime" name="deleteleavetype" time="10.002"/>
  <system-out/>
</testsuite> <!-- TEST.TC7Actitime -->
