<?xml version="1.0" encoding="UTF-8"?>
<!-- Generated by org.testng.reporters.JUnitReportReporter -->
<testsuite hostname="DESKTOP-HR00GQ3" failures="0" tests="3" name="testNGProgram.PriorityDesimol" time="0.012" errors="0" timestamp="2023-05-20T01:49:53 IST" skipped="0">
  <testcase classname="testNGProgram.PriorityDesimol" name="ipsita" time="0.010"/>
  <system-out/>
  <testcase classname="testNGProgram.PriorityDesimol" name="Harapriya" time="0.000"/>
  <system-out/>
  <testcase classname="testNGProgram.PriorityDesimol" name="anjali" time="0.002"/>
  <system-out/>
</testsuite> <!-- testNGProgram.PriorityDesimol -->
