<?xml version="1.0" encoding="UTF-8"?>
<!-- Generated by org.testng.reporters.JUnitReportReporter -->
<testsuite hostname="DESKTOP-HR00GQ3" failures="0" tests="3" name="testNGProgram.DefaultAlphabetical" time="0.014" errors="0" timestamp="2023-05-20T01:44:37 IST" skipped="0">
  <testcase classname="testNGProgram.DefaultAlphabetical" name="ipsita" time="0.001"/>
  <system-out/>
  <testcase classname="testNGProgram.DefaultAlphabetical" name="Anjali" time="0.011"/>
  <system-out/>
  <testcase classname="testNGProgram.DefaultAlphabetical" name="Harapriya" time="0.002"/>
  <system-out/>
</testsuite> <!-- testNGProgram.DefaultAlphabetical -->
