<?xml version="1.0" encoding="UTF-8"?>
<!-- Generated by org.testng.reporters.JUnitReportReporter -->
<testsuite hostname="DESKTOP-HR00GQ3" failures="0" tests="1" name="ExcelFileHandling.ReadExcelFile" time="0.745" errors="0" timestamp="2023-05-25T16:36:15 IST" skipped="0">
  <testcase classname="ExcelFileHandling.ReadExcelFile" name="readExcel" time="0.745"/>
  <system-out/>
</testsuite> <!-- ExcelFileHandling.ReadExcelFile -->
