<?xml version="1.0" encoding="UTF-8"?>
<!-- Generated by org.testng.reporters.JUnitReportReporter -->
<testsuite hostname="DESKTOP-HR00GQ3" failures="0" tests="1" name="TEST.TC4Actitime" time="12.463" errors="0" timestamp="2023-06-03T20:45:25 IST" skipped="0">
  <testcase classname="TEST.TC4Actitime" name="CreateTypeOfWOrk" time="12.463"/>
  <system-out/>
</testsuite> <!-- TEST.TC4Actitime -->
