<?xml version="1.0" encoding="UTF-8"?>
<!-- Generated by org.testng.reporters.JUnitReportReporter -->
<testsuite hostname="DESKTOP-HR00GQ3" failures="0" tests="3" name="testNGProgram.MltipleMethodInTestNg" time="0.011" errors="0" timestamp="2023-05-20T01:31:20 IST" skipped="0">
  <testcase classname="testNGProgram.MltipleMethodInTestNg" name="Anjali" time="0.008"/>
  <system-out/>
  <testcase classname="testNGProgram.MltipleMethodInTestNg" name="Harapriya" time="0.002"/>
  <system-out/>
  <testcase classname="testNGProgram.MltipleMethodInTestNg" name="ipsita" time="0.001"/>
  <system-out/>
</testsuite> <!-- testNGProgram.MltipleMethodInTestNg -->
