<?xml version="1.0" encoding="UTF-8"?>
<!-- Generated by org.testng.reporters.JUnitReportReporter -->
<testsuite hostname="DESKTOP-HR00GQ3" failures="0" tests="5" name="testNGProgram.SkipInvocationCount" time="0.017" errors="0" timestamp="2023-05-20T02:08:14 IST" skipped="0">
  <testcase classname="testNGProgram.SkipInvocationCount" name="Anil" time="0.001"/>
  <system-out/>
  <testcase classname="testNGProgram.SkipInvocationCount" name="Motoo" time="0.002"/>
  <system-out/>
  <testcase classname="testNGProgram.SkipInvocationCount" name="Anil" time="0.001"/>
  <system-out/>
  <testcase classname="testNGProgram.SkipInvocationCount" name="Motoo" time="0.001"/>
  <system-out/>
  <testcase classname="testNGProgram.SkipInvocationCount" name="Anil" time="0.012"/>
  <system-out/>
</testsuite> <!-- testNGProgram.SkipInvocationCount -->
