<?xml version="1.0" encoding="UTF-8"?>
<!-- Generated by org.testng.reporters.JUnitReportReporter -->
<testsuite hostname="DESKTOP-HR00GQ3" failures="0" tests="1" name="TEST.BaseTest" time="7.418" errors="0" timestamp="2023-05-23T17:37:44 IST" skipped="0">
  <testcase classname="TEST.BaseTest" name="base" time="7.418"/>
  <system-out/>
</testsuite> <!-- TEST.BaseTest -->
