<?xml version="1.0" encoding="UTF-8"?>
<!-- Generated by org.testng.reporters.JUnitReportReporter -->
<testsuite hostname="DESKTOP-HR00GQ3" failures="0" tests="2" name="Tastcase.TC1_ActitimeLoginLogout" time="8.217" errors="0" timestamp="2023-06-03T12:30:59 IST" skipped="0">
  <testcase classname="Tastcase.TC1_ActitimeLoginLogout" name="loginlogout" time="6.790"/>
  <system-out>
    <![CDATA[both titles are matching]]>
  </system-out>
  <testcase classname="Tastcase.TC1_ActitimeLoginLogout" name="logout" time="1.427"/>
  <system-out/>
</testsuite> <!-- Tastcase.TC1_ActitimeLoginLogout -->
